ARM GAS  C:\Users\BONDER~1\AppData\Local\Temp\ccwLWU36.s 			page 1


   1              		.syntax unified
   2              		.cpu cortex-m4
   3              		.eabi_attribute 27, 1
   4              		.fpu fpv4-sp-d16
   5              		.eabi_attribute 20, 1
   6              		.eabi_attribute 21, 1
   7              		.eabi_attribute 23, 3
   8              		.eabi_attribute 24, 1
   9              		.eabi_attribute 25, 1
  10              		.eabi_attribute 26, 1
  11              		.eabi_attribute 30, 1
  12              		.eabi_attribute 34, 1
  13              		.eabi_attribute 18, 4
  14              		.thumb
  15              		.syntax unified
  16              		.file	"main_cm4.c"
  17              		.text
  18              	.Ltext0:
  19              		.cfi_sections	.debug_frame
  20              		.section	.text.main,"ax",%progbits
  21              		.align	2
  22              		.global	main
  23              		.thumb
  24              		.thumb_func
  25              		.type	main, %function
  26              	main:
  27              	.LFB480:
  28              		.file 1 "main_cm4.c"
   1:main_cm4.c    **** /* ========================================
   2:main_cm4.c    ****  *
   3:main_cm4.c    ****  * Copyright YOUR COMPANY, THE YEAR
   4:main_cm4.c    ****  * All Rights Reserved
   5:main_cm4.c    ****  * UNPUBLISHED, LICENSED SOFTWARE.
   6:main_cm4.c    ****  *
   7:main_cm4.c    ****  * CONFIDENTIAL AND PROPRIETARY INFORMATION
   8:main_cm4.c    ****  * WHICH IS THE PROPERTY OF your company.
   9:main_cm4.c    ****  *
  10:main_cm4.c    ****  * ========================================
  11:main_cm4.c    **** */
  12:main_cm4.c    **** #include "project.h"
  13:main_cm4.c    **** 
  14:main_cm4.c    **** int main(void)
  15:main_cm4.c    **** {
  29              		.loc 1 15 0
  30              		.cfi_startproc
  31              		@ Volatile: function does not return.
  32              		@ args = 0, pretend = 0, frame = 0
  33              		@ frame_needed = 0, uses_anonymous_args = 0
  34              		@ link register save eliminated.
  35              	.LBB4:
  36              	.LBB5:
  37              		.file 2 "Generated_Source\\PSoC6\\pdl\\cmsis/include/cmsis_gcc.h"
   1:Generated_Source\PSoC6\pdl\cmsis/include/cmsis_gcc.h **** /**************************************************************************//**
   2:Generated_Source\PSoC6\pdl\cmsis/include/cmsis_gcc.h ****  * @file     cmsis_gcc.h
   3:Generated_Source\PSoC6\pdl\cmsis/include/cmsis_gcc.h ****  * @brief    CMSIS compiler GCC header file
   4:Generated_Source\PSoC6\pdl\cmsis/include/cmsis_gcc.h ****  * @version  V5.0.3
   5:Generated_Source\PSoC6\pdl\cmsis/include/cmsis_gcc.h ****  * @date     16. January 2018
ARM GAS  C:\Users\BONDER~1\AppData\Local\Temp\ccwLWU36.s 			page 2


   6:Generated_Source\PSoC6\pdl\cmsis/include/cmsis_gcc.h ****  ******************************************************************************/
   7:Generated_Source\PSoC6\pdl\cmsis/include/cmsis_gcc.h **** /*
   8:Generated_Source\PSoC6\pdl\cmsis/include/cmsis_gcc.h ****  * Copyright (c) 2009-2017 ARM Limited. All rights reserved.
   9:Generated_Source\PSoC6\pdl\cmsis/include/cmsis_gcc.h ****  *
  10:Generated_Source\PSoC6\pdl\cmsis/include/cmsis_gcc.h ****  * SPDX-License-Identifier: Apache-2.0
  11:Generated_Source\PSoC6\pdl\cmsis/include/cmsis_gcc.h ****  *
  12:Generated_Source\PSoC6\pdl\cmsis/include/cmsis_gcc.h ****  * Licensed under the Apache License, Version 2.0 (the License); you may
  13:Generated_Source\PSoC6\pdl\cmsis/include/cmsis_gcc.h ****  * not use this file except in compliance with the License.
  14:Generated_Source\PSoC6\pdl\cmsis/include/cmsis_gcc.h ****  * You may obtain a copy of the License at
  15:Generated_Source\PSoC6\pdl\cmsis/include/cmsis_gcc.h ****  *
  16:Generated_Source\PSoC6\pdl\cmsis/include/cmsis_gcc.h ****  * www.apache.org/licenses/LICENSE-2.0
  17:Generated_Source\PSoC6\pdl\cmsis/include/cmsis_gcc.h ****  *
  18:Generated_Source\PSoC6\pdl\cmsis/include/cmsis_gcc.h ****  * Unless required by applicable law or agreed to in writing, software
  19:Generated_Source\PSoC6\pdl\cmsis/include/cmsis_gcc.h ****  * distributed under the License is distributed on an AS IS BASIS, WITHOUT
  20:Generated_Source\PSoC6\pdl\cmsis/include/cmsis_gcc.h ****  * WARRANTIES OR CONDITIONS OF ANY KIND, either express or implied.
  21:Generated_Source\PSoC6\pdl\cmsis/include/cmsis_gcc.h ****  * See the License for the specific language governing permissions and
  22:Generated_Source\PSoC6\pdl\cmsis/include/cmsis_gcc.h ****  * limitations under the License.
  23:Generated_Source\PSoC6\pdl\cmsis/include/cmsis_gcc.h ****  */
  24:Generated_Source\PSoC6\pdl\cmsis/include/cmsis_gcc.h **** 
  25:Generated_Source\PSoC6\pdl\cmsis/include/cmsis_gcc.h **** #ifndef __CMSIS_GCC_H
  26:Generated_Source\PSoC6\pdl\cmsis/include/cmsis_gcc.h **** #define __CMSIS_GCC_H
  27:Generated_Source\PSoC6\pdl\cmsis/include/cmsis_gcc.h **** 
  28:Generated_Source\PSoC6\pdl\cmsis/include/cmsis_gcc.h **** /* ignore some GCC warnings */
  29:Generated_Source\PSoC6\pdl\cmsis/include/cmsis_gcc.h **** #pragma GCC diagnostic push
  30:Generated_Source\PSoC6\pdl\cmsis/include/cmsis_gcc.h **** #pragma GCC diagnostic ignored "-Wsign-conversion"
  31:Generated_Source\PSoC6\pdl\cmsis/include/cmsis_gcc.h **** #pragma GCC diagnostic ignored "-Wconversion"
  32:Generated_Source\PSoC6\pdl\cmsis/include/cmsis_gcc.h **** #pragma GCC diagnostic ignored "-Wunused-parameter"
  33:Generated_Source\PSoC6\pdl\cmsis/include/cmsis_gcc.h **** 
  34:Generated_Source\PSoC6\pdl\cmsis/include/cmsis_gcc.h **** /* Fallback for __has_builtin */
  35:Generated_Source\PSoC6\pdl\cmsis/include/cmsis_gcc.h **** #ifndef __has_builtin
  36:Generated_Source\PSoC6\pdl\cmsis/include/cmsis_gcc.h ****   #define __has_builtin(x) (0)
  37:Generated_Source\PSoC6\pdl\cmsis/include/cmsis_gcc.h **** #endif
  38:Generated_Source\PSoC6\pdl\cmsis/include/cmsis_gcc.h **** 
  39:Generated_Source\PSoC6\pdl\cmsis/include/cmsis_gcc.h **** /* CMSIS compiler specific defines */
  40:Generated_Source\PSoC6\pdl\cmsis/include/cmsis_gcc.h **** #ifndef   __ASM
  41:Generated_Source\PSoC6\pdl\cmsis/include/cmsis_gcc.h ****   #define __ASM                                  __asm
  42:Generated_Source\PSoC6\pdl\cmsis/include/cmsis_gcc.h **** #endif
  43:Generated_Source\PSoC6\pdl\cmsis/include/cmsis_gcc.h **** #ifndef   __INLINE
  44:Generated_Source\PSoC6\pdl\cmsis/include/cmsis_gcc.h ****   #define __INLINE                               inline
  45:Generated_Source\PSoC6\pdl\cmsis/include/cmsis_gcc.h **** #endif
  46:Generated_Source\PSoC6\pdl\cmsis/include/cmsis_gcc.h **** #ifndef   __STATIC_INLINE
  47:Generated_Source\PSoC6\pdl\cmsis/include/cmsis_gcc.h ****   #define __STATIC_INLINE                        static inline
  48:Generated_Source\PSoC6\pdl\cmsis/include/cmsis_gcc.h **** #endif
  49:Generated_Source\PSoC6\pdl\cmsis/include/cmsis_gcc.h **** #ifndef   __STATIC_FORCEINLINE                 
  50:Generated_Source\PSoC6\pdl\cmsis/include/cmsis_gcc.h ****   #define __STATIC_FORCEINLINE                   __attribute__((always_inline)) static inline
  51:Generated_Source\PSoC6\pdl\cmsis/include/cmsis_gcc.h **** #endif                                           
  52:Generated_Source\PSoC6\pdl\cmsis/include/cmsis_gcc.h **** #ifndef   __NO_RETURN
  53:Generated_Source\PSoC6\pdl\cmsis/include/cmsis_gcc.h ****   #define __NO_RETURN                            __attribute__((__noreturn__))
  54:Generated_Source\PSoC6\pdl\cmsis/include/cmsis_gcc.h **** #endif
  55:Generated_Source\PSoC6\pdl\cmsis/include/cmsis_gcc.h **** #ifndef   __USED
  56:Generated_Source\PSoC6\pdl\cmsis/include/cmsis_gcc.h ****   #define __USED                                 __attribute__((used))
  57:Generated_Source\PSoC6\pdl\cmsis/include/cmsis_gcc.h **** #endif
  58:Generated_Source\PSoC6\pdl\cmsis/include/cmsis_gcc.h **** #ifndef   __WEAK
  59:Generated_Source\PSoC6\pdl\cmsis/include/cmsis_gcc.h ****   #define __WEAK                                 __attribute__((weak))
  60:Generated_Source\PSoC6\pdl\cmsis/include/cmsis_gcc.h **** #endif
  61:Generated_Source\PSoC6\pdl\cmsis/include/cmsis_gcc.h **** #ifndef   __PACKED
  62:Generated_Source\PSoC6\pdl\cmsis/include/cmsis_gcc.h ****   #define __PACKED                               __attribute__((packed, aligned(1)))
ARM GAS  C:\Users\BONDER~1\AppData\Local\Temp\ccwLWU36.s 			page 3


  63:Generated_Source\PSoC6\pdl\cmsis/include/cmsis_gcc.h **** #endif
  64:Generated_Source\PSoC6\pdl\cmsis/include/cmsis_gcc.h **** #ifndef   __PACKED_STRUCT
  65:Generated_Source\PSoC6\pdl\cmsis/include/cmsis_gcc.h ****   #define __PACKED_STRUCT                        struct __attribute__((packed, aligned(1)))
  66:Generated_Source\PSoC6\pdl\cmsis/include/cmsis_gcc.h **** #endif
  67:Generated_Source\PSoC6\pdl\cmsis/include/cmsis_gcc.h **** #ifndef   __PACKED_UNION
  68:Generated_Source\PSoC6\pdl\cmsis/include/cmsis_gcc.h ****   #define __PACKED_UNION                         union __attribute__((packed, aligned(1)))
  69:Generated_Source\PSoC6\pdl\cmsis/include/cmsis_gcc.h **** #endif
  70:Generated_Source\PSoC6\pdl\cmsis/include/cmsis_gcc.h **** #ifndef   __UNALIGNED_UINT32        /* deprecated */
  71:Generated_Source\PSoC6\pdl\cmsis/include/cmsis_gcc.h ****   #pragma GCC diagnostic push
  72:Generated_Source\PSoC6\pdl\cmsis/include/cmsis_gcc.h ****   #pragma GCC diagnostic ignored "-Wpacked"
  73:Generated_Source\PSoC6\pdl\cmsis/include/cmsis_gcc.h ****   #pragma GCC diagnostic ignored "-Wattributes"
  74:Generated_Source\PSoC6\pdl\cmsis/include/cmsis_gcc.h ****   struct __attribute__((packed)) T_UINT32 { uint32_t v; };
  75:Generated_Source\PSoC6\pdl\cmsis/include/cmsis_gcc.h ****   #pragma GCC diagnostic pop
  76:Generated_Source\PSoC6\pdl\cmsis/include/cmsis_gcc.h ****   #define __UNALIGNED_UINT32(x)                  (((struct T_UINT32 *)(x))->v)
  77:Generated_Source\PSoC6\pdl\cmsis/include/cmsis_gcc.h **** #endif
  78:Generated_Source\PSoC6\pdl\cmsis/include/cmsis_gcc.h **** #ifndef   __UNALIGNED_UINT16_WRITE
  79:Generated_Source\PSoC6\pdl\cmsis/include/cmsis_gcc.h ****   #pragma GCC diagnostic push
  80:Generated_Source\PSoC6\pdl\cmsis/include/cmsis_gcc.h ****   #pragma GCC diagnostic ignored "-Wpacked"
  81:Generated_Source\PSoC6\pdl\cmsis/include/cmsis_gcc.h ****   #pragma GCC diagnostic ignored "-Wattributes"
  82:Generated_Source\PSoC6\pdl\cmsis/include/cmsis_gcc.h ****   __PACKED_STRUCT T_UINT16_WRITE { uint16_t v; };
  83:Generated_Source\PSoC6\pdl\cmsis/include/cmsis_gcc.h ****   #pragma GCC diagnostic pop
  84:Generated_Source\PSoC6\pdl\cmsis/include/cmsis_gcc.h ****   #define __UNALIGNED_UINT16_WRITE(addr, val)    (void)((((struct T_UINT16_WRITE *)(void *)(addr))-
  85:Generated_Source\PSoC6\pdl\cmsis/include/cmsis_gcc.h **** #endif
  86:Generated_Source\PSoC6\pdl\cmsis/include/cmsis_gcc.h **** #ifndef   __UNALIGNED_UINT16_READ
  87:Generated_Source\PSoC6\pdl\cmsis/include/cmsis_gcc.h ****   #pragma GCC diagnostic push
  88:Generated_Source\PSoC6\pdl\cmsis/include/cmsis_gcc.h ****   #pragma GCC diagnostic ignored "-Wpacked"
  89:Generated_Source\PSoC6\pdl\cmsis/include/cmsis_gcc.h ****   #pragma GCC diagnostic ignored "-Wattributes"
  90:Generated_Source\PSoC6\pdl\cmsis/include/cmsis_gcc.h ****   __PACKED_STRUCT T_UINT16_READ { uint16_t v; };
  91:Generated_Source\PSoC6\pdl\cmsis/include/cmsis_gcc.h ****   #pragma GCC diagnostic pop
  92:Generated_Source\PSoC6\pdl\cmsis/include/cmsis_gcc.h ****   #define __UNALIGNED_UINT16_READ(addr)          (((const struct T_UINT16_READ *)(const void *)(add
  93:Generated_Source\PSoC6\pdl\cmsis/include/cmsis_gcc.h **** #endif
  94:Generated_Source\PSoC6\pdl\cmsis/include/cmsis_gcc.h **** #ifndef   __UNALIGNED_UINT32_WRITE
  95:Generated_Source\PSoC6\pdl\cmsis/include/cmsis_gcc.h ****   #pragma GCC diagnostic push
  96:Generated_Source\PSoC6\pdl\cmsis/include/cmsis_gcc.h ****   #pragma GCC diagnostic ignored "-Wpacked"
  97:Generated_Source\PSoC6\pdl\cmsis/include/cmsis_gcc.h ****   #pragma GCC diagnostic ignored "-Wattributes"
  98:Generated_Source\PSoC6\pdl\cmsis/include/cmsis_gcc.h ****   __PACKED_STRUCT T_UINT32_WRITE { uint32_t v; };
  99:Generated_Source\PSoC6\pdl\cmsis/include/cmsis_gcc.h ****   #pragma GCC diagnostic pop
 100:Generated_Source\PSoC6\pdl\cmsis/include/cmsis_gcc.h ****   #define __UNALIGNED_UINT32_WRITE(addr, val)    (void)((((struct T_UINT32_WRITE *)(void *)(addr))-
 101:Generated_Source\PSoC6\pdl\cmsis/include/cmsis_gcc.h **** #endif
 102:Generated_Source\PSoC6\pdl\cmsis/include/cmsis_gcc.h **** #ifndef   __UNALIGNED_UINT32_READ
 103:Generated_Source\PSoC6\pdl\cmsis/include/cmsis_gcc.h ****   #pragma GCC diagnostic push
 104:Generated_Source\PSoC6\pdl\cmsis/include/cmsis_gcc.h ****   #pragma GCC diagnostic ignored "-Wpacked"
 105:Generated_Source\PSoC6\pdl\cmsis/include/cmsis_gcc.h ****   #pragma GCC diagnostic ignored "-Wattributes"
 106:Generated_Source\PSoC6\pdl\cmsis/include/cmsis_gcc.h ****   __PACKED_STRUCT T_UINT32_READ { uint32_t v; };
 107:Generated_Source\PSoC6\pdl\cmsis/include/cmsis_gcc.h ****   #pragma GCC diagnostic pop
 108:Generated_Source\PSoC6\pdl\cmsis/include/cmsis_gcc.h ****   #define __UNALIGNED_UINT32_READ(addr)          (((const struct T_UINT32_READ *)(const void *)(add
 109:Generated_Source\PSoC6\pdl\cmsis/include/cmsis_gcc.h **** #endif
 110:Generated_Source\PSoC6\pdl\cmsis/include/cmsis_gcc.h **** #ifndef   __ALIGNED
 111:Generated_Source\PSoC6\pdl\cmsis/include/cmsis_gcc.h ****   #define __ALIGNED(x)                           __attribute__((aligned(x)))
 112:Generated_Source\PSoC6\pdl\cmsis/include/cmsis_gcc.h **** #endif
 113:Generated_Source\PSoC6\pdl\cmsis/include/cmsis_gcc.h **** #ifndef   __RESTRICT
 114:Generated_Source\PSoC6\pdl\cmsis/include/cmsis_gcc.h ****   #define __RESTRICT                             __restrict
 115:Generated_Source\PSoC6\pdl\cmsis/include/cmsis_gcc.h **** #endif
 116:Generated_Source\PSoC6\pdl\cmsis/include/cmsis_gcc.h **** 
 117:Generated_Source\PSoC6\pdl\cmsis/include/cmsis_gcc.h **** 
 118:Generated_Source\PSoC6\pdl\cmsis/include/cmsis_gcc.h **** /* ###########################  Core Function Access  ########################### */
 119:Generated_Source\PSoC6\pdl\cmsis/include/cmsis_gcc.h **** /** \ingroup  CMSIS_Core_FunctionInterface
ARM GAS  C:\Users\BONDER~1\AppData\Local\Temp\ccwLWU36.s 			page 4


 120:Generated_Source\PSoC6\pdl\cmsis/include/cmsis_gcc.h ****     \defgroup CMSIS_Core_RegAccFunctions CMSIS Core Register Access Functions
 121:Generated_Source\PSoC6\pdl\cmsis/include/cmsis_gcc.h ****   @{
 122:Generated_Source\PSoC6\pdl\cmsis/include/cmsis_gcc.h ****  */
 123:Generated_Source\PSoC6\pdl\cmsis/include/cmsis_gcc.h **** 
 124:Generated_Source\PSoC6\pdl\cmsis/include/cmsis_gcc.h **** /**
 125:Generated_Source\PSoC6\pdl\cmsis/include/cmsis_gcc.h ****   \brief   Enable IRQ Interrupts
 126:Generated_Source\PSoC6\pdl\cmsis/include/cmsis_gcc.h ****   \details Enables IRQ interrupts by clearing the I-bit in the CPSR.
 127:Generated_Source\PSoC6\pdl\cmsis/include/cmsis_gcc.h ****            Can only be executed in Privileged modes.
 128:Generated_Source\PSoC6\pdl\cmsis/include/cmsis_gcc.h ****  */
 129:Generated_Source\PSoC6\pdl\cmsis/include/cmsis_gcc.h **** __STATIC_FORCEINLINE void __enable_irq(void)
 130:Generated_Source\PSoC6\pdl\cmsis/include/cmsis_gcc.h **** {
 131:Generated_Source\PSoC6\pdl\cmsis/include/cmsis_gcc.h ****   __ASM volatile ("cpsie i" : : : "memory");
  38              		.loc 2 131 0
  39              		.syntax unified
  40              	@ 131 "Generated_Source\PSoC6\pdl\cmsis/include/cmsis_gcc.h" 1
  41 0000 62B6     		cpsie i
  42              	@ 0 "" 2
  43              		.thumb
  44              		.syntax unified
  45              	.L2:
  46 0002 FEE7     		b	.L2
  47              	.LBE5:
  48              	.LBE4:
  49              		.cfi_endproc
  50              	.LFE480:
  51              		.size	main, .-main
  52              		.text
  53              	.Letext0:
  54              		.file 3 "c:\\program files (x86)\\cypress\\psoc creator\\4.3\\psoc creator\\import\\gnu\\arm\\5.4.
  55              		.file 4 "c:\\program files (x86)\\cypress\\psoc creator\\4.3\\psoc creator\\import\\gnu\\arm\\5.4.
  56              		.file 5 "Generated_Source\\PSoC6\\pdl\\drivers/peripheral/device/cy_device.h"
  57              		.file 6 "Generated_Source\\PSoC6\\pdl\\drivers/peripheral/scb/cy_scb_uart.h"
  58              		.file 7 "Generated_Source\\PSoC6\\pdl\\cmsis/include/core_cm4.h"
  59              		.file 8 "Generated_Source\\PSoC6/UART_1.h"
  60              		.section	.debug_info,"",%progbits
  61              	.Ldebug_info0:
  62 0000 73060000 		.4byte	0x673
  63 0004 0400     		.2byte	0x4
  64 0006 00000000 		.4byte	.Ldebug_abbrev0
  65 000a 04       		.byte	0x4
  66 000b 01       		.uleb128 0x1
  67 000c 3D050000 		.4byte	.LASF131
  68 0010 0C       		.byte	0xc
  69 0011 8A080000 		.4byte	.LASF132
  70 0015 7D020000 		.4byte	.LASF133
  71 0019 00000000 		.4byte	.Ldebug_ranges0+0
  72 001d 00000000 		.4byte	0
  73 0021 00000000 		.4byte	.Ldebug_line0
  74 0025 02       		.uleb128 0x2
  75 0026 02       		.byte	0x2
  76 0027 05       		.byte	0x5
  77 0028 7C060000 		.4byte	.LASF0
  78 002c 02       		.uleb128 0x2
  79 002d 01       		.byte	0x1
  80 002e 06       		.byte	0x6
  81 002f 67010000 		.4byte	.LASF1
  82 0033 03       		.uleb128 0x3
ARM GAS  C:\Users\BONDER~1\AppData\Local\Temp\ccwLWU36.s 			page 5


  83 0034 88000000 		.4byte	.LASF3
  84 0038 03       		.byte	0x3
  85 0039 1D       		.byte	0x1d
  86 003a 3E000000 		.4byte	0x3e
  87 003e 02       		.uleb128 0x2
  88 003f 01       		.byte	0x1
  89 0040 08       		.byte	0x8
  90 0041 5A060000 		.4byte	.LASF2
  91 0045 03       		.uleb128 0x3
  92 0046 EA020000 		.4byte	.LASF4
  93 004a 03       		.byte	0x3
  94 004b 29       		.byte	0x29
  95 004c 25000000 		.4byte	0x25
  96 0050 03       		.uleb128 0x3
  97 0051 01070000 		.4byte	.LASF5
  98 0055 03       		.byte	0x3
  99 0056 2B       		.byte	0x2b
 100 0057 5B000000 		.4byte	0x5b
 101 005b 02       		.uleb128 0x2
 102 005c 02       		.byte	0x2
 103 005d 07       		.byte	0x7
 104 005e 56070000 		.4byte	.LASF6
 105 0062 03       		.uleb128 0x3
 106 0063 1F070000 		.4byte	.LASF7
 107 0067 03       		.byte	0x3
 108 0068 3F       		.byte	0x3f
 109 0069 6D000000 		.4byte	0x6d
 110 006d 02       		.uleb128 0x2
 111 006e 04       		.byte	0x4
 112 006f 05       		.byte	0x5
 113 0070 CA010000 		.4byte	.LASF8
 114 0074 03       		.uleb128 0x3
 115 0075 72020000 		.4byte	.LASF9
 116 0079 03       		.byte	0x3
 117 007a 41       		.byte	0x41
 118 007b 7F000000 		.4byte	0x7f
 119 007f 02       		.uleb128 0x2
 120 0080 04       		.byte	0x4
 121 0081 07       		.byte	0x7
 122 0082 78030000 		.4byte	.LASF10
 123 0086 02       		.uleb128 0x2
 124 0087 08       		.byte	0x8
 125 0088 05       		.byte	0x5
 126 0089 59010000 		.4byte	.LASF11
 127 008d 02       		.uleb128 0x2
 128 008e 08       		.byte	0x8
 129 008f 07       		.byte	0x7
 130 0090 D7000000 		.4byte	.LASF12
 131 0094 04       		.uleb128 0x4
 132 0095 04       		.byte	0x4
 133 0096 05       		.byte	0x5
 134 0097 696E7400 		.ascii	"int\000"
 135 009b 02       		.uleb128 0x2
 136 009c 04       		.byte	0x4
 137 009d 07       		.byte	0x7
 138 009e 3C030000 		.4byte	.LASF13
 139 00a2 03       		.uleb128 0x3
ARM GAS  C:\Users\BONDER~1\AppData\Local\Temp\ccwLWU36.s 			page 6


 140 00a3 EB070000 		.4byte	.LASF14
 141 00a7 04       		.byte	0x4
 142 00a8 18       		.byte	0x18
 143 00a9 33000000 		.4byte	0x33
 144 00ad 03       		.uleb128 0x3
 145 00ae 51010000 		.4byte	.LASF15
 146 00b2 04       		.byte	0x4
 147 00b3 20       		.byte	0x20
 148 00b4 45000000 		.4byte	0x45
 149 00b8 03       		.uleb128 0x3
 150 00b9 49030000 		.4byte	.LASF16
 151 00bd 04       		.byte	0x4
 152 00be 24       		.byte	0x24
 153 00bf 50000000 		.4byte	0x50
 154 00c3 03       		.uleb128 0x3
 155 00c4 52060000 		.4byte	.LASF17
 156 00c8 04       		.byte	0x4
 157 00c9 2C       		.byte	0x2c
 158 00ca 62000000 		.4byte	0x62
 159 00ce 03       		.uleb128 0x3
 160 00cf B8060000 		.4byte	.LASF18
 161 00d3 04       		.byte	0x4
 162 00d4 30       		.byte	0x30
 163 00d5 74000000 		.4byte	0x74
 164 00d9 02       		.uleb128 0x2
 165 00da 04       		.byte	0x4
 166 00db 07       		.byte	0x7
 167 00dc 9B040000 		.4byte	.LASF19
 168 00e0 05       		.uleb128 0x5
 169 00e1 CE000000 		.4byte	0xce
 170 00e5 02       		.uleb128 0x2
 171 00e6 08       		.byte	0x8
 172 00e7 04       		.byte	0x4
 173 00e8 D6060000 		.4byte	.LASF20
 174 00ec 06       		.uleb128 0x6
 175 00ed B8       		.byte	0xb8
 176 00ee 05       		.byte	0x5
 177 00ef 34       		.byte	0x34
 178 00f0 FD040000 		.4byte	0x4fd
 179 00f4 07       		.uleb128 0x7
 180 00f5 BE000000 		.4byte	.LASF21
 181 00f9 05       		.byte	0x5
 182 00fa 37       		.byte	0x37
 183 00fb CE000000 		.4byte	0xce
 184 00ff 00       		.byte	0
 185 0100 07       		.uleb128 0x7
 186 0101 67020000 		.4byte	.LASF22
 187 0105 05       		.byte	0x5
 188 0106 38       		.byte	0x38
 189 0107 CE000000 		.4byte	0xce
 190 010b 04       		.byte	0x4
 191 010c 07       		.uleb128 0x7
 192 010d F0010000 		.4byte	.LASF23
 193 0111 05       		.byte	0x5
 194 0112 39       		.byte	0x39
 195 0113 CE000000 		.4byte	0xce
 196 0117 08       		.byte	0x8
ARM GAS  C:\Users\BONDER~1\AppData\Local\Temp\ccwLWU36.s 			page 7


 197 0118 07       		.uleb128 0x7
 198 0119 44060000 		.4byte	.LASF24
 199 011d 05       		.byte	0x5
 200 011e 3A       		.byte	0x3a
 201 011f CE000000 		.4byte	0xce
 202 0123 0C       		.byte	0xc
 203 0124 07       		.uleb128 0x7
 204 0125 88010000 		.4byte	.LASF25
 205 0129 05       		.byte	0x5
 206 012a 3B       		.byte	0x3b
 207 012b CE000000 		.4byte	0xce
 208 012f 10       		.byte	0x10
 209 0130 07       		.uleb128 0x7
 210 0131 C0010000 		.4byte	.LASF26
 211 0135 05       		.byte	0x5
 212 0136 3C       		.byte	0x3c
 213 0137 CE000000 		.4byte	0xce
 214 013b 14       		.byte	0x14
 215 013c 07       		.uleb128 0x7
 216 013d B4030000 		.4byte	.LASF27
 217 0141 05       		.byte	0x5
 218 0142 3D       		.byte	0x3d
 219 0143 CE000000 		.4byte	0xce
 220 0147 18       		.byte	0x18
 221 0148 07       		.uleb128 0x7
 222 0149 71000000 		.4byte	.LASF28
 223 014d 05       		.byte	0x5
 224 014e 3E       		.byte	0x3e
 225 014f CE000000 		.4byte	0xce
 226 0153 1C       		.byte	0x1c
 227 0154 07       		.uleb128 0x7
 228 0155 54080000 		.4byte	.LASF29
 229 0159 05       		.byte	0x5
 230 015a 3F       		.byte	0x3f
 231 015b CE000000 		.4byte	0xce
 232 015f 20       		.byte	0x20
 233 0160 07       		.uleb128 0x7
 234 0161 18050000 		.4byte	.LASF30
 235 0165 05       		.byte	0x5
 236 0166 40       		.byte	0x40
 237 0167 CE000000 		.4byte	0xce
 238 016b 24       		.byte	0x24
 239 016c 07       		.uleb128 0x7
 240 016d 6D040000 		.4byte	.LASF31
 241 0171 05       		.byte	0x5
 242 0172 43       		.byte	0x43
 243 0173 A2000000 		.4byte	0xa2
 244 0177 28       		.byte	0x28
 245 0178 07       		.uleb128 0x7
 246 0179 57000000 		.4byte	.LASF32
 247 017d 05       		.byte	0x5
 248 017e 44       		.byte	0x44
 249 017f A2000000 		.4byte	0xa2
 250 0183 29       		.byte	0x29
 251 0184 07       		.uleb128 0x7
 252 0185 4A080000 		.4byte	.LASF33
 253 0189 05       		.byte	0x5
ARM GAS  C:\Users\BONDER~1\AppData\Local\Temp\ccwLWU36.s 			page 8


 254 018a 45       		.byte	0x45
 255 018b A2000000 		.4byte	0xa2
 256 018f 2A       		.byte	0x2a
 257 0190 07       		.uleb128 0x7
 258 0191 0A050000 		.4byte	.LASF34
 259 0195 05       		.byte	0x5
 260 0196 46       		.byte	0x46
 261 0197 A2000000 		.4byte	0xa2
 262 019b 2B       		.byte	0x2b
 263 019c 07       		.uleb128 0x7
 264 019d 04040000 		.4byte	.LASF35
 265 01a1 05       		.byte	0x5
 266 01a2 47       		.byte	0x47
 267 01a3 A2000000 		.4byte	0xa2
 268 01a7 2C       		.byte	0x2c
 269 01a8 07       		.uleb128 0x7
 270 01a9 29070000 		.4byte	.LASF36
 271 01ad 05       		.byte	0x5
 272 01ae 48       		.byte	0x48
 273 01af A2000000 		.4byte	0xa2
 274 01b3 2D       		.byte	0x2d
 275 01b4 07       		.uleb128 0x7
 276 01b5 91010000 		.4byte	.LASF37
 277 01b9 05       		.byte	0x5
 278 01ba 49       		.byte	0x49
 279 01bb A2000000 		.4byte	0xa2
 280 01bf 2E       		.byte	0x2e
 281 01c0 07       		.uleb128 0x7
 282 01c1 7A040000 		.4byte	.LASF38
 283 01c5 05       		.byte	0x5
 284 01c6 4A       		.byte	0x4a
 285 01c7 A2000000 		.4byte	0xa2
 286 01cb 2F       		.byte	0x2f
 287 01cc 07       		.uleb128 0x7
 288 01cd E7060000 		.4byte	.LASF39
 289 01d1 05       		.byte	0x5
 290 01d2 4B       		.byte	0x4b
 291 01d3 A2000000 		.4byte	0xa2
 292 01d7 30       		.byte	0x30
 293 01d8 07       		.uleb128 0x7
 294 01d9 A9030000 		.4byte	.LASF40
 295 01dd 05       		.byte	0x5
 296 01de 4E       		.byte	0x4e
 297 01df A2000000 		.4byte	0xa2
 298 01e3 31       		.byte	0x31
 299 01e4 07       		.uleb128 0x7
 300 01e5 7A000000 		.4byte	.LASF41
 301 01e9 05       		.byte	0x5
 302 01ea 4F       		.byte	0x4f
 303 01eb A2000000 		.4byte	0xa2
 304 01ef 32       		.byte	0x32
 305 01f0 07       		.uleb128 0x7
 306 01f1 30030000 		.4byte	.LASF42
 307 01f5 05       		.byte	0x5
 308 01f6 50       		.byte	0x50
 309 01f7 A2000000 		.4byte	0xa2
 310 01fb 33       		.byte	0x33
ARM GAS  C:\Users\BONDER~1\AppData\Local\Temp\ccwLWU36.s 			page 9


 311 01fc 07       		.uleb128 0x7
 312 01fd AF040000 		.4byte	.LASF43
 313 0201 05       		.byte	0x5
 314 0202 51       		.byte	0x51
 315 0203 A2000000 		.4byte	0xa2
 316 0207 34       		.byte	0x34
 317 0208 07       		.uleb128 0x7
 318 0209 80070000 		.4byte	.LASF44
 319 020d 05       		.byte	0x5
 320 020e 52       		.byte	0x52
 321 020f AD000000 		.4byte	0xad
 322 0213 36       		.byte	0x36
 323 0214 07       		.uleb128 0x7
 324 0215 0A020000 		.4byte	.LASF45
 325 0219 05       		.byte	0x5
 326 021a 53       		.byte	0x53
 327 021b AD000000 		.4byte	0xad
 328 021f 38       		.byte	0x38
 329 0220 07       		.uleb128 0x7
 330 0221 C6070000 		.4byte	.LASF46
 331 0225 05       		.byte	0x5
 332 0226 54       		.byte	0x54
 333 0227 AD000000 		.4byte	0xad
 334 022b 3A       		.byte	0x3a
 335 022c 07       		.uleb128 0x7
 336 022d B1010000 		.4byte	.LASF47
 337 0231 05       		.byte	0x5
 338 0232 55       		.byte	0x55
 339 0233 A2000000 		.4byte	0xa2
 340 0237 3C       		.byte	0x3c
 341 0238 07       		.uleb128 0x7
 342 0239 31020000 		.4byte	.LASF48
 343 023d 05       		.byte	0x5
 344 023e 56       		.byte	0x56
 345 023f A2000000 		.4byte	0xa2
 346 0243 3D       		.byte	0x3d
 347 0244 07       		.uleb128 0x7
 348 0245 9A060000 		.4byte	.LASF49
 349 0249 05       		.byte	0x5
 350 024a 57       		.byte	0x57
 351 024b A2000000 		.4byte	0xa2
 352 024f 3E       		.byte	0x3e
 353 0250 07       		.uleb128 0x7
 354 0251 65000000 		.4byte	.LASF50
 355 0255 05       		.byte	0x5
 356 0256 58       		.byte	0x58
 357 0257 A2000000 		.4byte	0xa2
 358 025b 3F       		.byte	0x3f
 359 025c 07       		.uleb128 0x7
 360 025d 23050000 		.4byte	.LASF51
 361 0261 05       		.byte	0x5
 362 0262 59       		.byte	0x59
 363 0263 A2000000 		.4byte	0xa2
 364 0267 40       		.byte	0x40
 365 0268 07       		.uleb128 0x7
 366 0269 DA020000 		.4byte	.LASF52
 367 026d 05       		.byte	0x5
ARM GAS  C:\Users\BONDER~1\AppData\Local\Temp\ccwLWU36.s 			page 10


 368 026e 5A       		.byte	0x5a
 369 026f A2000000 		.4byte	0xa2
 370 0273 41       		.byte	0x41
 371 0274 07       		.uleb128 0x7
 372 0275 26040000 		.4byte	.LASF53
 373 0279 05       		.byte	0x5
 374 027a 5B       		.byte	0x5b
 375 027b A2000000 		.4byte	0xa2
 376 027f 42       		.byte	0x42
 377 0280 07       		.uleb128 0x7
 378 0281 F6040000 		.4byte	.LASF54
 379 0285 05       		.byte	0x5
 380 0286 5C       		.byte	0x5c
 381 0287 A2000000 		.4byte	0xa2
 382 028b 43       		.byte	0x43
 383 028c 07       		.uleb128 0x7
 384 028d F9010000 		.4byte	.LASF55
 385 0291 05       		.byte	0x5
 386 0292 5D       		.byte	0x5d
 387 0293 A2000000 		.4byte	0xa2
 388 0297 44       		.byte	0x44
 389 0298 07       		.uleb128 0x7
 390 0299 00000000 		.4byte	.LASF56
 391 029d 05       		.byte	0x5
 392 029e 5E       		.byte	0x5e
 393 029f CE000000 		.4byte	0xce
 394 02a3 48       		.byte	0x48
 395 02a4 07       		.uleb128 0x7
 396 02a5 E2010000 		.4byte	.LASF57
 397 02a9 05       		.byte	0x5
 398 02aa 5F       		.byte	0x5f
 399 02ab CE000000 		.4byte	0xce
 400 02af 4C       		.byte	0x4c
 401 02b0 07       		.uleb128 0x7
 402 02b1 95080000 		.4byte	.LASF58
 403 02b5 05       		.byte	0x5
 404 02b6 60       		.byte	0x60
 405 02b7 A2000000 		.4byte	0xa2
 406 02bb 50       		.byte	0x50
 407 02bc 07       		.uleb128 0x7
 408 02bd 2B010000 		.4byte	.LASF59
 409 02c1 05       		.byte	0x5
 410 02c2 61       		.byte	0x61
 411 02c3 A2000000 		.4byte	0xa2
 412 02c7 51       		.byte	0x51
 413 02c8 07       		.uleb128 0x7
 414 02c9 DB070000 		.4byte	.LASF60
 415 02cd 05       		.byte	0x5
 416 02ce 62       		.byte	0x62
 417 02cf A2000000 		.4byte	0xa2
 418 02d3 52       		.byte	0x52
 419 02d4 07       		.uleb128 0x7
 420 02d5 36070000 		.4byte	.LASF61
 421 02d9 05       		.byte	0x5
 422 02da 63       		.byte	0x63
 423 02db A2000000 		.4byte	0xa2
 424 02df 53       		.byte	0x53
ARM GAS  C:\Users\BONDER~1\AppData\Local\Temp\ccwLWU36.s 			page 11


 425 02e0 07       		.uleb128 0x7
 426 02e1 A8060000 		.4byte	.LASF62
 427 02e5 05       		.byte	0x5
 428 02e6 64       		.byte	0x64
 429 02e7 A2000000 		.4byte	0xa2
 430 02eb 54       		.byte	0x54
 431 02ec 07       		.uleb128 0x7
 432 02ed 3D010000 		.4byte	.LASF63
 433 02f1 05       		.byte	0x5
 434 02f2 65       		.byte	0x65
 435 02f3 A2000000 		.4byte	0xa2
 436 02f7 55       		.byte	0x55
 437 02f8 07       		.uleb128 0x7
 438 02f9 64030000 		.4byte	.LASF64
 439 02fd 05       		.byte	0x5
 440 02fe 66       		.byte	0x66
 441 02ff A2000000 		.4byte	0xa2
 442 0303 56       		.byte	0x56
 443 0304 07       		.uleb128 0x7
 444 0305 BD030000 		.4byte	.LASF65
 445 0309 05       		.byte	0x5
 446 030a 67       		.byte	0x67
 447 030b A2000000 		.4byte	0xa2
 448 030f 57       		.byte	0x57
 449 0310 07       		.uleb128 0x7
 450 0311 1C000000 		.4byte	.LASF66
 451 0315 05       		.byte	0x5
 452 0316 68       		.byte	0x68
 453 0317 A2000000 		.4byte	0xa2
 454 031b 58       		.byte	0x58
 455 031c 07       		.uleb128 0x7
 456 031d 68060000 		.4byte	.LASF67
 457 0321 05       		.byte	0x5
 458 0322 69       		.byte	0x69
 459 0323 A2000000 		.4byte	0xa2
 460 0327 59       		.byte	0x59
 461 0328 07       		.uleb128 0x7
 462 0329 A4040000 		.4byte	.LASF68
 463 032d 05       		.byte	0x5
 464 032e 6E       		.byte	0x6e
 465 032f B8000000 		.4byte	0xb8
 466 0333 5A       		.byte	0x5a
 467 0334 07       		.uleb128 0x7
 468 0335 69070000 		.4byte	.LASF69
 469 0339 05       		.byte	0x5
 470 033a 6F       		.byte	0x6f
 471 033b B8000000 		.4byte	0xb8
 472 033f 5C       		.byte	0x5c
 473 0340 07       		.uleb128 0x7
 474 0341 C8000000 		.4byte	.LASF70
 475 0345 05       		.byte	0x5
 476 0346 70       		.byte	0x70
 477 0347 A2000000 		.4byte	0xa2
 478 034b 5E       		.byte	0x5e
 479 034c 07       		.uleb128 0x7
 480 034d 1D060000 		.4byte	.LASF71
 481 0351 05       		.byte	0x5
ARM GAS  C:\Users\BONDER~1\AppData\Local\Temp\ccwLWU36.s 			page 12


 482 0352 71       		.byte	0x71
 483 0353 A2000000 		.4byte	0xa2
 484 0357 5F       		.byte	0x5f
 485 0358 07       		.uleb128 0x7
 486 0359 E5040000 		.4byte	.LASF72
 487 035d 05       		.byte	0x5
 488 035e 72       		.byte	0x72
 489 035f A2000000 		.4byte	0xa2
 490 0363 60       		.byte	0x60
 491 0364 07       		.uleb128 0x7
 492 0365 F6050000 		.4byte	.LASF73
 493 0369 05       		.byte	0x5
 494 036a 73       		.byte	0x73
 495 036b CE000000 		.4byte	0xce
 496 036f 64       		.byte	0x64
 497 0370 07       		.uleb128 0x7
 498 0371 EE000000 		.4byte	.LASF74
 499 0375 05       		.byte	0x5
 500 0376 76       		.byte	0x76
 501 0377 B8000000 		.4byte	0xb8
 502 037b 68       		.byte	0x68
 503 037c 07       		.uleb128 0x7
 504 037d 52030000 		.4byte	.LASF75
 505 0381 05       		.byte	0x5
 506 0382 77       		.byte	0x77
 507 0383 B8000000 		.4byte	0xb8
 508 0387 6A       		.byte	0x6a
 509 0388 07       		.uleb128 0x7
 510 0389 D1030000 		.4byte	.LASF76
 511 038d 05       		.byte	0x5
 512 038e 78       		.byte	0x78
 513 038f B8000000 		.4byte	0xb8
 514 0393 6C       		.byte	0x6c
 515 0394 07       		.uleb128 0x7
 516 0395 F7030000 		.4byte	.LASF77
 517 0399 05       		.byte	0x5
 518 039a 79       		.byte	0x79
 519 039b B8000000 		.4byte	0xb8
 520 039f 6E       		.byte	0x6e
 521 03a0 07       		.uleb128 0x7
 522 03a1 86060000 		.4byte	.LASF78
 523 03a5 05       		.byte	0x5
 524 03a6 7B       		.byte	0x7b
 525 03a7 A2000000 		.4byte	0xa2
 526 03ab 70       		.byte	0x70
 527 03ac 07       		.uleb128 0x7
 528 03ad 73010000 		.4byte	.LASF79
 529 03b1 05       		.byte	0x5
 530 03b2 7C       		.byte	0x7c
 531 03b3 A2000000 		.4byte	0xa2
 532 03b7 71       		.byte	0x71
 533 03b8 07       		.uleb128 0x7
 534 03b9 5C080000 		.4byte	.LASF80
 535 03bd 05       		.byte	0x5
 536 03be 7D       		.byte	0x7d
 537 03bf A2000000 		.4byte	0xa2
 538 03c3 72       		.byte	0x72
ARM GAS  C:\Users\BONDER~1\AppData\Local\Temp\ccwLWU36.s 			page 13


 539 03c4 07       		.uleb128 0x7
 540 03c5 C0040000 		.4byte	.LASF81
 541 03c9 05       		.byte	0x5
 542 03ca 7E       		.byte	0x7e
 543 03cb A2000000 		.4byte	0xa2
 544 03cf 73       		.byte	0x73
 545 03d0 07       		.uleb128 0x7
 546 03d1 41020000 		.4byte	.LASF82
 547 03d5 05       		.byte	0x5
 548 03d6 80       		.byte	0x80
 549 03d7 B8000000 		.4byte	0xb8
 550 03db 74       		.byte	0x74
 551 03dc 07       		.uleb128 0x7
 552 03dd 0C070000 		.4byte	.LASF83
 553 03e1 05       		.byte	0x5
 554 03e2 81       		.byte	0x81
 555 03e3 B8000000 		.4byte	0xb8
 556 03e7 76       		.byte	0x76
 557 03e8 07       		.uleb128 0x7
 558 03e9 1C020000 		.4byte	.LASF84
 559 03ed 05       		.byte	0x5
 560 03ee 82       		.byte	0x82
 561 03ef B8000000 		.4byte	0xb8
 562 03f3 78       		.byte	0x78
 563 03f4 07       		.uleb128 0x7
 564 03f5 92000000 		.4byte	.LASF85
 565 03f9 05       		.byte	0x5
 566 03fa 83       		.byte	0x83
 567 03fb B8000000 		.4byte	0xb8
 568 03ff 7A       		.byte	0x7a
 569 0400 07       		.uleb128 0x7
 570 0401 08080000 		.4byte	.LASF86
 571 0405 05       		.byte	0x5
 572 0406 86       		.byte	0x86
 573 0407 A2000000 		.4byte	0xa2
 574 040b 7C       		.byte	0x7c
 575 040c 07       		.uleb128 0x7
 576 040d 8D070000 		.4byte	.LASF87
 577 0411 05       		.byte	0x5
 578 0412 87       		.byte	0x87
 579 0413 A2000000 		.4byte	0xa2
 580 0417 7D       		.byte	0x7d
 581 0418 07       		.uleb128 0x7
 582 0419 30000000 		.4byte	.LASF88
 583 041d 05       		.byte	0x5
 584 041e 88       		.byte	0x88
 585 041f A2000000 		.4byte	0xa2
 586 0423 7E       		.byte	0x7e
 587 0424 07       		.uleb128 0x7
 588 0425 53020000 		.4byte	.LASF89
 589 0429 05       		.byte	0x5
 590 042a 89       		.byte	0x89
 591 042b A2000000 		.4byte	0xa2
 592 042f 7F       		.byte	0x7f
 593 0430 07       		.uleb128 0x7
 594 0431 1C030000 		.4byte	.LASF90
 595 0435 05       		.byte	0x5
ARM GAS  C:\Users\BONDER~1\AppData\Local\Temp\ccwLWU36.s 			page 14


 596 0436 8A       		.byte	0x8a
 597 0437 A2000000 		.4byte	0xa2
 598 043b 80       		.byte	0x80
 599 043c 07       		.uleb128 0x7
 600 043d 56040000 		.4byte	.LASF91
 601 0441 05       		.byte	0x5
 602 0442 8D       		.byte	0x8d
 603 0443 CE000000 		.4byte	0xce
 604 0447 84       		.byte	0x84
 605 0448 07       		.uleb128 0x7
 606 0449 A7000000 		.4byte	.LASF92
 607 044d 05       		.byte	0x5
 608 044e 8E       		.byte	0x8e
 609 044f CE000000 		.4byte	0xce
 610 0453 88       		.byte	0x88
 611 0454 07       		.uleb128 0x7
 612 0455 F3070000 		.4byte	.LASF93
 613 0459 05       		.byte	0x5
 614 045a 8F       		.byte	0x8f
 615 045b CE000000 		.4byte	0xce
 616 045f 8C       		.byte	0x8c
 617 0460 07       		.uleb128 0x7
 618 0461 86040000 		.4byte	.LASF94
 619 0465 05       		.byte	0x5
 620 0466 90       		.byte	0x90
 621 0467 CE000000 		.4byte	0xce
 622 046b 90       		.byte	0x90
 623 046c 07       		.uleb128 0x7
 624 046d FD020000 		.4byte	.LASF95
 625 0471 05       		.byte	0x5
 626 0472 91       		.byte	0x91
 627 0473 CE000000 		.4byte	0xce
 628 0477 94       		.byte	0x94
 629 0478 07       		.uleb128 0x7
 630 0479 40040000 		.4byte	.LASF96
 631 047d 05       		.byte	0x5
 632 047e 92       		.byte	0x92
 633 047f CE000000 		.4byte	0xce
 634 0483 98       		.byte	0x98
 635 0484 07       		.uleb128 0x7
 636 0485 2B080000 		.4byte	.LASF97
 637 0489 05       		.byte	0x5
 638 048a 93       		.byte	0x93
 639 048b CE000000 		.4byte	0xce
 640 048f 9C       		.byte	0x9c
 641 0490 07       		.uleb128 0x7
 642 0491 08010000 		.4byte	.LASF98
 643 0495 05       		.byte	0x5
 644 0496 94       		.byte	0x94
 645 0497 CE000000 		.4byte	0xce
 646 049b A0       		.byte	0xa0
 647 049c 07       		.uleb128 0x7
 648 049d 9C010000 		.4byte	.LASF99
 649 04a1 05       		.byte	0x5
 650 04a2 95       		.byte	0x95
 651 04a3 B8000000 		.4byte	0xb8
 652 04a7 A4       		.byte	0xa4
ARM GAS  C:\Users\BONDER~1\AppData\Local\Temp\ccwLWU36.s 			page 15


 653 04a8 07       		.uleb128 0x7
 654 04a9 C1060000 		.4byte	.LASF100
 655 04ad 05       		.byte	0x5
 656 04ae 96       		.byte	0x96
 657 04af B8000000 		.4byte	0xb8
 658 04b3 A6       		.byte	0xa6
 659 04b4 07       		.uleb128 0x7
 660 04b5 11060000 		.4byte	.LASF101
 661 04b9 05       		.byte	0x5
 662 04ba 97       		.byte	0x97
 663 04bb B8000000 		.4byte	0xb8
 664 04bf A8       		.byte	0xa8
 665 04c0 07       		.uleb128 0x7
 666 04c1 F3060000 		.4byte	.LASF102
 667 04c5 05       		.byte	0x5
 668 04c6 98       		.byte	0x98
 669 04c7 B8000000 		.4byte	0xb8
 670 04cb AA       		.byte	0xaa
 671 04cc 07       		.uleb128 0x7
 672 04cd E0030000 		.4byte	.LASF103
 673 04d1 05       		.byte	0x5
 674 04d2 99       		.byte	0x99
 675 04d3 B8000000 		.4byte	0xb8
 676 04d7 AC       		.byte	0xac
 677 04d8 07       		.uleb128 0x7
 678 04d9 D7040000 		.4byte	.LASF104
 679 04dd 05       		.byte	0x5
 680 04de 9A       		.byte	0x9a
 681 04df B8000000 		.4byte	0xb8
 682 04e3 AE       		.byte	0xae
 683 04e4 07       		.uleb128 0x7
 684 04e5 72070000 		.4byte	.LASF105
 685 04e9 05       		.byte	0x5
 686 04ea 9D       		.byte	0x9d
 687 04eb B8000000 		.4byte	0xb8
 688 04ef B0       		.byte	0xb0
 689 04f0 07       		.uleb128 0x7
 690 04f1 43000000 		.4byte	.LASF106
 691 04f5 05       		.byte	0x5
 692 04f6 9E       		.byte	0x9e
 693 04f7 CE000000 		.4byte	0xce
 694 04fb B4       		.byte	0xb4
 695 04fc 00       		.byte	0
 696 04fd 03       		.uleb128 0x3
 697 04fe 16040000 		.4byte	.LASF107
 698 0502 05       		.byte	0x5
 699 0503 9F       		.byte	0x9f
 700 0504 EC000000 		.4byte	0xec
 701 0508 02       		.uleb128 0x2
 702 0509 01       		.byte	0x1
 703 050a 08       		.byte	0x8
 704 050b E2060000 		.4byte	.LASF108
 705 050f 02       		.uleb128 0x2
 706 0510 04       		.byte	0x4
 707 0511 04       		.byte	0x4
 708 0512 F0050000 		.4byte	.LASF109
 709 0516 02       		.uleb128 0x2
ARM GAS  C:\Users\BONDER~1\AppData\Local\Temp\ccwLWU36.s 			page 16


 710 0517 08       		.byte	0x8
 711 0518 04       		.byte	0x4
 712 0519 15020000 		.4byte	.LASF110
 713 051d 08       		.uleb128 0x8
 714 051e 04       		.byte	0x4
 715 051f 02       		.uleb128 0x2
 716 0520 01       		.byte	0x1
 717 0521 02       		.byte	0x2
 718 0522 4C060000 		.4byte	.LASF111
 719 0526 09       		.uleb128 0x9
 720 0527 04       		.byte	0x4
 721 0528 2C050000 		.4byte	0x52c
 722 052c 0A       		.uleb128 0xa
 723 052d 37050000 		.4byte	0x537
 724 0531 0B       		.uleb128 0xb
 725 0532 CE000000 		.4byte	0xce
 726 0536 00       		.byte	0
 727 0537 0C       		.uleb128 0xc
 728 0538 8A030000 		.4byte	.LASF112
 729 053c 06       		.byte	0x6
 730 053d D901     		.2byte	0x1d9
 731 053f 26050000 		.4byte	0x526
 732 0543 0D       		.uleb128 0xd
 733 0544 72080000 		.4byte	.LASF134
 734 0548 38       		.byte	0x38
 735 0549 06       		.byte	0x6
 736 054a 7502     		.2byte	0x275
 737 054c 07060000 		.4byte	0x607
 738 0550 0E       		.uleb128 0xe
 739 0551 41080000 		.4byte	.LASF113
 740 0555 06       		.byte	0x6
 741 0556 7802     		.2byte	0x278
 742 0558 E0000000 		.4byte	0xe0
 743 055c 00       		.byte	0
 744 055d 0E       		.uleb128 0xe
 745 055e 01050000 		.4byte	.LASF114
 746 0562 06       		.byte	0x6
 747 0563 7902     		.2byte	0x279
 748 0565 E0000000 		.4byte	0xe0
 749 0569 04       		.byte	0x4
 750 056a 0E       		.uleb128 0xe
 751 056b FE000000 		.4byte	.LASF115
 752 056f 06       		.byte	0x6
 753 0570 7B02     		.2byte	0x27b
 754 0572 1D050000 		.4byte	0x51d
 755 0576 08       		.byte	0x8
 756 0577 0E       		.uleb128 0xe
 757 0578 48070000 		.4byte	.LASF116
 758 057c 06       		.byte	0x6
 759 057d 7C02     		.2byte	0x27c
 760 057f CE000000 		.4byte	0xce
 761 0583 0C       		.byte	0xc
 762 0584 0E       		.uleb128 0xe
 763 0585 32040000 		.4byte	.LASF117
 764 0589 06       		.byte	0x6
 765 058a 7D02     		.2byte	0x27d
 766 058c E0000000 		.4byte	0xe0
ARM GAS  C:\Users\BONDER~1\AppData\Local\Temp\ccwLWU36.s 			page 17


 767 0590 10       		.byte	0x10
 768 0591 0E       		.uleb128 0xe
 769 0592 1D080000 		.4byte	.LASF118
 770 0596 06       		.byte	0x6
 771 0597 7E02     		.2byte	0x27e
 772 0599 E0000000 		.4byte	0xe0
 773 059d 14       		.byte	0x14
 774 059e 0E       		.uleb128 0xe
 775 059f A6070000 		.4byte	.LASF119
 776 05a3 06       		.byte	0x6
 777 05a4 8002     		.2byte	0x280
 778 05a6 1D050000 		.4byte	0x51d
 779 05aa 18       		.byte	0x18
 780 05ab 0E       		.uleb128 0xe
 781 05ac 12000000 		.4byte	.LASF120
 782 05b0 06       		.byte	0x6
 783 05b1 8102     		.2byte	0x281
 784 05b3 CE000000 		.4byte	0xce
 785 05b7 1C       		.byte	0x1c
 786 05b8 0E       		.uleb128 0xe
 787 05b9 F4020000 		.4byte	.LASF121
 788 05bd 06       		.byte	0x6
 789 05be 8202     		.2byte	0x282
 790 05c0 E0000000 		.4byte	0xe0
 791 05c4 20       		.byte	0x20
 792 05c5 0E       		.uleb128 0xe
 793 05c6 10040000 		.4byte	.LASF122
 794 05ca 06       		.byte	0x6
 795 05cb 8402     		.2byte	0x284
 796 05cd 1D050000 		.4byte	0x51d
 797 05d1 24       		.byte	0x24
 798 05d2 0E       		.uleb128 0xe
 799 05d3 12030000 		.4byte	.LASF123
 800 05d7 06       		.byte	0x6
 801 05d8 8502     		.2byte	0x285
 802 05da CE000000 		.4byte	0xce
 803 05de 28       		.byte	0x28
 804 05df 0E       		.uleb128 0xe
 805 05e0 33060000 		.4byte	.LASF124
 806 05e4 06       		.byte	0x6
 807 05e5 8602     		.2byte	0x286
 808 05e7 E0000000 		.4byte	0xe0
 809 05eb 2C       		.byte	0x2c
 810 05ec 0E       		.uleb128 0xe
 811 05ed EE030000 		.4byte	.LASF125
 812 05f1 06       		.byte	0x6
 813 05f2 8B02     		.2byte	0x28b
 814 05f4 37050000 		.4byte	0x537
 815 05f8 30       		.byte	0x30
 816 05f9 0E       		.uleb128 0xe
 817 05fa 9E070000 		.4byte	.LASF126
 818 05fe 06       		.byte	0x6
 819 05ff 8E02     		.2byte	0x28e
 820 0601 CE000000 		.4byte	0xce
 821 0605 34       		.byte	0x34
 822 0606 00       		.byte	0
 823 0607 0C       		.uleb128 0xc
ARM GAS  C:\Users\BONDER~1\AppData\Local\Temp\ccwLWU36.s 			page 18


 824 0608 AC070000 		.4byte	.LASF127
 825 060c 06       		.byte	0x6
 826 060d 9102     		.2byte	0x291
 827 060f 43050000 		.4byte	0x543
 828 0613 0F       		.uleb128 0xf
 829 0614 30050000 		.4byte	.LASF135
 830 0618 02       		.byte	0x2
 831 0619 81       		.byte	0x81
 832 061a 03       		.byte	0x3
 833 061b 10       		.uleb128 0x10
 834 061c 3C020000 		.4byte	.LASF136
 835 0620 01       		.byte	0x1
 836 0621 0E       		.byte	0xe
 837 0622 94000000 		.4byte	0x94
 838 0626 00000000 		.4byte	.LFB480
 839 062a 04000000 		.4byte	.LFE480-.LFB480
 840 062e 01       		.uleb128 0x1
 841 062f 9C       		.byte	0x9c
 842 0630 44060000 		.4byte	0x644
 843 0634 11       		.uleb128 0x11
 844 0635 13060000 		.4byte	0x613
 845 0639 00000000 		.4byte	.LBB4
 846 063d 04000000 		.4byte	.LBE4-.LBB4
 847 0641 01       		.byte	0x1
 848 0642 10       		.byte	0x10
 849 0643 00       		.byte	0
 850 0644 12       		.uleb128 0x12
 851 0645 1E010000 		.4byte	.LASF128
 852 0649 07       		.byte	0x7
 853 064a F907     		.2byte	0x7f9
 854 064c 50060000 		.4byte	0x650
 855 0650 05       		.uleb128 0x5
 856 0651 C3000000 		.4byte	0xc3
 857 0655 13       		.uleb128 0x13
 858 0656 07060000 		.4byte	.LASF129
 859 065a 05       		.byte	0x5
 860 065b A7       		.byte	0xa7
 861 065c 60060000 		.4byte	0x660
 862 0660 09       		.uleb128 0x9
 863 0661 04       		.byte	0x4
 864 0662 66060000 		.4byte	0x666
 865 0666 14       		.uleb128 0x14
 866 0667 FD040000 		.4byte	0x4fd
 867 066b 13       		.uleb128 0x13
 868 066c D3010000 		.4byte	.LASF130
 869 0670 08       		.byte	0x8
 870 0671 87       		.byte	0x87
 871 0672 07060000 		.4byte	0x607
 872 0676 00       		.byte	0
 873              		.section	.debug_abbrev,"",%progbits
 874              	.Ldebug_abbrev0:
 875 0000 01       		.uleb128 0x1
 876 0001 11       		.uleb128 0x11
 877 0002 01       		.byte	0x1
 878 0003 25       		.uleb128 0x25
 879 0004 0E       		.uleb128 0xe
 880 0005 13       		.uleb128 0x13
ARM GAS  C:\Users\BONDER~1\AppData\Local\Temp\ccwLWU36.s 			page 19


 881 0006 0B       		.uleb128 0xb
 882 0007 03       		.uleb128 0x3
 883 0008 0E       		.uleb128 0xe
 884 0009 1B       		.uleb128 0x1b
 885 000a 0E       		.uleb128 0xe
 886 000b 55       		.uleb128 0x55
 887 000c 17       		.uleb128 0x17
 888 000d 11       		.uleb128 0x11
 889 000e 01       		.uleb128 0x1
 890 000f 10       		.uleb128 0x10
 891 0010 17       		.uleb128 0x17
 892 0011 00       		.byte	0
 893 0012 00       		.byte	0
 894 0013 02       		.uleb128 0x2
 895 0014 24       		.uleb128 0x24
 896 0015 00       		.byte	0
 897 0016 0B       		.uleb128 0xb
 898 0017 0B       		.uleb128 0xb
 899 0018 3E       		.uleb128 0x3e
 900 0019 0B       		.uleb128 0xb
 901 001a 03       		.uleb128 0x3
 902 001b 0E       		.uleb128 0xe
 903 001c 00       		.byte	0
 904 001d 00       		.byte	0
 905 001e 03       		.uleb128 0x3
 906 001f 16       		.uleb128 0x16
 907 0020 00       		.byte	0
 908 0021 03       		.uleb128 0x3
 909 0022 0E       		.uleb128 0xe
 910 0023 3A       		.uleb128 0x3a
 911 0024 0B       		.uleb128 0xb
 912 0025 3B       		.uleb128 0x3b
 913 0026 0B       		.uleb128 0xb
 914 0027 49       		.uleb128 0x49
 915 0028 13       		.uleb128 0x13
 916 0029 00       		.byte	0
 917 002a 00       		.byte	0
 918 002b 04       		.uleb128 0x4
 919 002c 24       		.uleb128 0x24
 920 002d 00       		.byte	0
 921 002e 0B       		.uleb128 0xb
 922 002f 0B       		.uleb128 0xb
 923 0030 3E       		.uleb128 0x3e
 924 0031 0B       		.uleb128 0xb
 925 0032 03       		.uleb128 0x3
 926 0033 08       		.uleb128 0x8
 927 0034 00       		.byte	0
 928 0035 00       		.byte	0
 929 0036 05       		.uleb128 0x5
 930 0037 35       		.uleb128 0x35
 931 0038 00       		.byte	0
 932 0039 49       		.uleb128 0x49
 933 003a 13       		.uleb128 0x13
 934 003b 00       		.byte	0
 935 003c 00       		.byte	0
 936 003d 06       		.uleb128 0x6
 937 003e 13       		.uleb128 0x13
ARM GAS  C:\Users\BONDER~1\AppData\Local\Temp\ccwLWU36.s 			page 20


 938 003f 01       		.byte	0x1
 939 0040 0B       		.uleb128 0xb
 940 0041 0B       		.uleb128 0xb
 941 0042 3A       		.uleb128 0x3a
 942 0043 0B       		.uleb128 0xb
 943 0044 3B       		.uleb128 0x3b
 944 0045 0B       		.uleb128 0xb
 945 0046 01       		.uleb128 0x1
 946 0047 13       		.uleb128 0x13
 947 0048 00       		.byte	0
 948 0049 00       		.byte	0
 949 004a 07       		.uleb128 0x7
 950 004b 0D       		.uleb128 0xd
 951 004c 00       		.byte	0
 952 004d 03       		.uleb128 0x3
 953 004e 0E       		.uleb128 0xe
 954 004f 3A       		.uleb128 0x3a
 955 0050 0B       		.uleb128 0xb
 956 0051 3B       		.uleb128 0x3b
 957 0052 0B       		.uleb128 0xb
 958 0053 49       		.uleb128 0x49
 959 0054 13       		.uleb128 0x13
 960 0055 38       		.uleb128 0x38
 961 0056 0B       		.uleb128 0xb
 962 0057 00       		.byte	0
 963 0058 00       		.byte	0
 964 0059 08       		.uleb128 0x8
 965 005a 0F       		.uleb128 0xf
 966 005b 00       		.byte	0
 967 005c 0B       		.uleb128 0xb
 968 005d 0B       		.uleb128 0xb
 969 005e 00       		.byte	0
 970 005f 00       		.byte	0
 971 0060 09       		.uleb128 0x9
 972 0061 0F       		.uleb128 0xf
 973 0062 00       		.byte	0
 974 0063 0B       		.uleb128 0xb
 975 0064 0B       		.uleb128 0xb
 976 0065 49       		.uleb128 0x49
 977 0066 13       		.uleb128 0x13
 978 0067 00       		.byte	0
 979 0068 00       		.byte	0
 980 0069 0A       		.uleb128 0xa
 981 006a 15       		.uleb128 0x15
 982 006b 01       		.byte	0x1
 983 006c 27       		.uleb128 0x27
 984 006d 19       		.uleb128 0x19
 985 006e 01       		.uleb128 0x1
 986 006f 13       		.uleb128 0x13
 987 0070 00       		.byte	0
 988 0071 00       		.byte	0
 989 0072 0B       		.uleb128 0xb
 990 0073 05       		.uleb128 0x5
 991 0074 00       		.byte	0
 992 0075 49       		.uleb128 0x49
 993 0076 13       		.uleb128 0x13
 994 0077 00       		.byte	0
ARM GAS  C:\Users\BONDER~1\AppData\Local\Temp\ccwLWU36.s 			page 21


 995 0078 00       		.byte	0
 996 0079 0C       		.uleb128 0xc
 997 007a 16       		.uleb128 0x16
 998 007b 00       		.byte	0
 999 007c 03       		.uleb128 0x3
 1000 007d 0E       		.uleb128 0xe
 1001 007e 3A       		.uleb128 0x3a
 1002 007f 0B       		.uleb128 0xb
 1003 0080 3B       		.uleb128 0x3b
 1004 0081 05       		.uleb128 0x5
 1005 0082 49       		.uleb128 0x49
 1006 0083 13       		.uleb128 0x13
 1007 0084 00       		.byte	0
 1008 0085 00       		.byte	0
 1009 0086 0D       		.uleb128 0xd
 1010 0087 13       		.uleb128 0x13
 1011 0088 01       		.byte	0x1
 1012 0089 03       		.uleb128 0x3
 1013 008a 0E       		.uleb128 0xe
 1014 008b 0B       		.uleb128 0xb
 1015 008c 0B       		.uleb128 0xb
 1016 008d 3A       		.uleb128 0x3a
 1017 008e 0B       		.uleb128 0xb
 1018 008f 3B       		.uleb128 0x3b
 1019 0090 05       		.uleb128 0x5
 1020 0091 01       		.uleb128 0x1
 1021 0092 13       		.uleb128 0x13
 1022 0093 00       		.byte	0
 1023 0094 00       		.byte	0
 1024 0095 0E       		.uleb128 0xe
 1025 0096 0D       		.uleb128 0xd
 1026 0097 00       		.byte	0
 1027 0098 03       		.uleb128 0x3
 1028 0099 0E       		.uleb128 0xe
 1029 009a 3A       		.uleb128 0x3a
 1030 009b 0B       		.uleb128 0xb
 1031 009c 3B       		.uleb128 0x3b
 1032 009d 05       		.uleb128 0x5
 1033 009e 49       		.uleb128 0x49
 1034 009f 13       		.uleb128 0x13
 1035 00a0 38       		.uleb128 0x38
 1036 00a1 0B       		.uleb128 0xb
 1037 00a2 00       		.byte	0
 1038 00a3 00       		.byte	0
 1039 00a4 0F       		.uleb128 0xf
 1040 00a5 2E       		.uleb128 0x2e
 1041 00a6 00       		.byte	0
 1042 00a7 03       		.uleb128 0x3
 1043 00a8 0E       		.uleb128 0xe
 1044 00a9 3A       		.uleb128 0x3a
 1045 00aa 0B       		.uleb128 0xb
 1046 00ab 3B       		.uleb128 0x3b
 1047 00ac 0B       		.uleb128 0xb
 1048 00ad 27       		.uleb128 0x27
 1049 00ae 19       		.uleb128 0x19
 1050 00af 20       		.uleb128 0x20
 1051 00b0 0B       		.uleb128 0xb
ARM GAS  C:\Users\BONDER~1\AppData\Local\Temp\ccwLWU36.s 			page 22


 1052 00b1 00       		.byte	0
 1053 00b2 00       		.byte	0
 1054 00b3 10       		.uleb128 0x10
 1055 00b4 2E       		.uleb128 0x2e
 1056 00b5 01       		.byte	0x1
 1057 00b6 3F       		.uleb128 0x3f
 1058 00b7 19       		.uleb128 0x19
 1059 00b8 03       		.uleb128 0x3
 1060 00b9 0E       		.uleb128 0xe
 1061 00ba 3A       		.uleb128 0x3a
 1062 00bb 0B       		.uleb128 0xb
 1063 00bc 3B       		.uleb128 0x3b
 1064 00bd 0B       		.uleb128 0xb
 1065 00be 27       		.uleb128 0x27
 1066 00bf 19       		.uleb128 0x19
 1067 00c0 49       		.uleb128 0x49
 1068 00c1 13       		.uleb128 0x13
 1069 00c2 8701     		.uleb128 0x87
 1070 00c4 19       		.uleb128 0x19
 1071 00c5 11       		.uleb128 0x11
 1072 00c6 01       		.uleb128 0x1
 1073 00c7 12       		.uleb128 0x12
 1074 00c8 06       		.uleb128 0x6
 1075 00c9 40       		.uleb128 0x40
 1076 00ca 18       		.uleb128 0x18
 1077 00cb 9742     		.uleb128 0x2117
 1078 00cd 19       		.uleb128 0x19
 1079 00ce 01       		.uleb128 0x1
 1080 00cf 13       		.uleb128 0x13
 1081 00d0 00       		.byte	0
 1082 00d1 00       		.byte	0
 1083 00d2 11       		.uleb128 0x11
 1084 00d3 1D       		.uleb128 0x1d
 1085 00d4 00       		.byte	0
 1086 00d5 31       		.uleb128 0x31
 1087 00d6 13       		.uleb128 0x13
 1088 00d7 11       		.uleb128 0x11
 1089 00d8 01       		.uleb128 0x1
 1090 00d9 12       		.uleb128 0x12
 1091 00da 06       		.uleb128 0x6
 1092 00db 58       		.uleb128 0x58
 1093 00dc 0B       		.uleb128 0xb
 1094 00dd 59       		.uleb128 0x59
 1095 00de 0B       		.uleb128 0xb
 1096 00df 00       		.byte	0
 1097 00e0 00       		.byte	0
 1098 00e1 12       		.uleb128 0x12
 1099 00e2 34       		.uleb128 0x34
 1100 00e3 00       		.byte	0
 1101 00e4 03       		.uleb128 0x3
 1102 00e5 0E       		.uleb128 0xe
 1103 00e6 3A       		.uleb128 0x3a
 1104 00e7 0B       		.uleb128 0xb
 1105 00e8 3B       		.uleb128 0x3b
 1106 00e9 05       		.uleb128 0x5
 1107 00ea 49       		.uleb128 0x49
 1108 00eb 13       		.uleb128 0x13
ARM GAS  C:\Users\BONDER~1\AppData\Local\Temp\ccwLWU36.s 			page 23


 1109 00ec 3F       		.uleb128 0x3f
 1110 00ed 19       		.uleb128 0x19
 1111 00ee 3C       		.uleb128 0x3c
 1112 00ef 19       		.uleb128 0x19
 1113 00f0 00       		.byte	0
 1114 00f1 00       		.byte	0
 1115 00f2 13       		.uleb128 0x13
 1116 00f3 34       		.uleb128 0x34
 1117 00f4 00       		.byte	0
 1118 00f5 03       		.uleb128 0x3
 1119 00f6 0E       		.uleb128 0xe
 1120 00f7 3A       		.uleb128 0x3a
 1121 00f8 0B       		.uleb128 0xb
 1122 00f9 3B       		.uleb128 0x3b
 1123 00fa 0B       		.uleb128 0xb
 1124 00fb 49       		.uleb128 0x49
 1125 00fc 13       		.uleb128 0x13
 1126 00fd 3F       		.uleb128 0x3f
 1127 00fe 19       		.uleb128 0x19
 1128 00ff 3C       		.uleb128 0x3c
 1129 0100 19       		.uleb128 0x19
 1130 0101 00       		.byte	0
 1131 0102 00       		.byte	0
 1132 0103 14       		.uleb128 0x14
 1133 0104 26       		.uleb128 0x26
 1134 0105 00       		.byte	0
 1135 0106 49       		.uleb128 0x49
 1136 0107 13       		.uleb128 0x13
 1137 0108 00       		.byte	0
 1138 0109 00       		.byte	0
 1139 010a 00       		.byte	0
 1140              		.section	.debug_aranges,"",%progbits
 1141 0000 1C000000 		.4byte	0x1c
 1142 0004 0200     		.2byte	0x2
 1143 0006 00000000 		.4byte	.Ldebug_info0
 1144 000a 04       		.byte	0x4
 1145 000b 00       		.byte	0
 1146 000c 0000     		.2byte	0
 1147 000e 0000     		.2byte	0
 1148 0010 00000000 		.4byte	.LFB480
 1149 0014 04000000 		.4byte	.LFE480-.LFB480
 1150 0018 00000000 		.4byte	0
 1151 001c 00000000 		.4byte	0
 1152              		.section	.debug_ranges,"",%progbits
 1153              	.Ldebug_ranges0:
 1154 0000 00000000 		.4byte	.LFB480
 1155 0004 04000000 		.4byte	.LFE480
 1156 0008 00000000 		.4byte	0
 1157 000c 00000000 		.4byte	0
 1158              		.section	.debug_line,"",%progbits
 1159              	.Ldebug_line0:
 1160 0000 29020000 		.section	.debug_str,"MS",%progbits,1
 1160      02000E02 
 1160      00000201 
 1160      FB0E0D00 
 1160      01010101 
 1161              	.LASF56:
ARM GAS  C:\Users\BONDER~1\AppData\Local\Temp\ccwLWU36.s 			page 24


 1162 0000 70726F74 		.ascii	"protBusMasterMask\000"
 1162      4275734D 
 1162      61737465 
 1162      724D6173 
 1162      6B00
 1163              	.LASF120:
 1164 0012 72784275 		.ascii	"rxBufSize\000"
 1164      6653697A 
 1164      6500
 1165              	.LASF66:
 1166 001c 666C6173 		.ascii	"flashCtlMainWs3Freq\000"
 1166      6843746C 
 1166      4D61696E 
 1166      57733346 
 1166      72657100 
 1167              	.LASF88:
 1168 0030 6770696F 		.ascii	"gpioPrtCfgInOffset\000"
 1168      50727443 
 1168      6667496E 
 1168      4F666673 
 1168      657400
 1169              	.LASF106:
 1170 0043 6970634C 		.ascii	"ipcLockStatusOffset\000"
 1170      6F636B53 
 1170      74617475 
 1170      734F6666 
 1170      73657400 
 1171              	.LASF32:
 1172 0057 63727970 		.ascii	"cryptoVersion\000"
 1172      746F5665 
 1172      7273696F 
 1172      6E00
 1173              	.LASF50:
 1174 0065 70657269 		.ascii	"periClockNr\000"
 1174      436C6F63 
 1174      6B4E7200 
 1175              	.LASF28:
 1176 0071 70617373 		.ascii	"passBase\000"
 1176      42617365 
 1176      00
 1177              	.LASF41:
 1178 007a 63707573 		.ascii	"cpussIpcIrqNr\000"
 1178      73497063 
 1178      4972714E 
 1178      7200
 1179              	.LASF3:
 1180 0088 5F5F7569 		.ascii	"__uint8_t\000"
 1180      6E74385F 
 1180      7400
 1181              	.LASF85:
 1182 0092 70657269 		.ascii	"periDiv24_5CtlOffset\000"
 1182      44697632 
 1182      345F3543 
 1182      746C4F66 
 1182      66736574 
 1183              	.LASF92:
 1184 00a7 63707573 		.ascii	"cpussCm4ClockCtlOffset\000"
ARM GAS  C:\Users\BONDER~1\AppData\Local\Temp\ccwLWU36.s 			page 25


 1184      73436D34 
 1184      436C6F63 
 1184      6B43746C 
 1184      4F666673 
 1185              	.LASF21:
 1186 00be 63707573 		.ascii	"cpussBase\000"
 1186      73426173 
 1186      6500
 1187              	.LASF70:
 1188 00c8 64774368 		.ascii	"dwChCtlPrioPos\000"
 1188      43746C50 
 1188      72696F50 
 1188      6F7300
 1189              	.LASF12:
 1190 00d7 6C6F6E67 		.ascii	"long long unsigned int\000"
 1190      206C6F6E 
 1190      6720756E 
 1190      7369676E 
 1190      65642069 
 1191              	.LASF74:
 1192 00ee 70657269 		.ascii	"periTrCmdOffset\000"
 1192      5472436D 
 1192      644F6666 
 1192      73657400 
 1193              	.LASF115:
 1194 00fe 72785269 		.ascii	"rxRingBuf\000"
 1194      6E674275 
 1194      6600
 1195              	.LASF98:
 1196 0108 63707573 		.ascii	"cpussSysTickCtlOffset\000"
 1196      73537973 
 1196      5469636B 
 1196      43746C4F 
 1196      66667365 
 1197              	.LASF128:
 1198 011e 49544D5F 		.ascii	"ITM_RxBuffer\000"
 1198      52784275 
 1198      66666572 
 1198      00
 1199              	.LASF59:
 1200 012b 666C6173 		.ascii	"flashPipeRequired\000"
 1200      68506970 
 1200      65526571 
 1200      75697265 
 1200      6400
 1201              	.LASF63:
 1202 013d 666C6173 		.ascii	"flashCtlMainWs0Freq\000"
 1202      6843746C 
 1202      4D61696E 
 1202      57733046 
 1202      72657100 
 1203              	.LASF15:
 1204 0151 696E7431 		.ascii	"int16_t\000"
 1204      365F7400 
 1205              	.LASF11:
 1206 0159 6C6F6E67 		.ascii	"long long int\000"
 1206      206C6F6E 
ARM GAS  C:\Users\BONDER~1\AppData\Local\Temp\ccwLWU36.s 			page 26


 1206      6720696E 
 1206      7400
 1207              	.LASF1:
 1208 0167 7369676E 		.ascii	"signed char\000"
 1208      65642063 
 1208      68617200 
 1209              	.LASF79:
 1210 0173 70657269 		.ascii	"periDivCmdTypeSelPos\000"
 1210      44697643 
 1210      6D645479 
 1210      70655365 
 1210      6C506F73 
 1211              	.LASF25:
 1212 0188 70726F74 		.ascii	"protBase\000"
 1212      42617365 
 1212      00
 1213              	.LASF37:
 1214 0191 69706356 		.ascii	"ipcVersion\000"
 1214      65727369 
 1214      6F6E00
 1215              	.LASF99:
 1216 019c 63707573 		.ascii	"cpussCm0NmiCtlOffset\000"
 1216      73436D30 
 1216      4E6D6943 
 1216      746C4F66 
 1216      66736574 
 1217              	.LASF47:
 1218 01b1 73727373 		.ascii	"srssNumClkpath\000"
 1218      4E756D43 
 1218      6C6B7061 
 1218      746800
 1219              	.LASF26:
 1220 01c0 6873696F 		.ascii	"hsiomBase\000"
 1220      6D426173 
 1220      6500
 1221              	.LASF8:
 1222 01ca 6C6F6E67 		.ascii	"long int\000"
 1222      20696E74 
 1222      00
 1223              	.LASF130:
 1224 01d3 55415254 		.ascii	"UART_1_context\000"
 1224      5F315F63 
 1224      6F6E7465 
 1224      787400
 1225              	.LASF57:
 1226 01e2 63727970 		.ascii	"cryptoMemSize\000"
 1226      746F4D65 
 1226      6D53697A 
 1226      6500
 1227              	.LASF23:
 1228 01f0 70657269 		.ascii	"periBase\000"
 1228      42617365 
 1228      00
 1229              	.LASF55:
 1230 01f9 73797350 		.ascii	"sysPmSimoPresent\000"
 1230      6D53696D 
 1230      6F507265 
ARM GAS  C:\Users\BONDER~1\AppData\Local\Temp\ccwLWU36.s 			page 27


 1230      73656E74 
 1230      00
 1231              	.LASF45:
 1232 020a 63707573 		.ascii	"cpussFmIrq\000"
 1232      73466D49 
 1232      727100
 1233              	.LASF110:
 1234 0215 646F7562 		.ascii	"double\000"
 1234      6C6500
 1235              	.LASF84:
 1236 021c 70657269 		.ascii	"periDiv16_5CtlOffset\000"
 1236      44697631 
 1236      365F3543 
 1236      746C4F66 
 1236      66736574 
 1237              	.LASF48:
 1238 0231 73727373 		.ascii	"srssNumPll\000"
 1238      4E756D50 
 1238      6C6C00
 1239              	.LASF136:
 1240 023c 6D61696E 		.ascii	"main\000"
 1240      00
 1241              	.LASF82:
 1242 0241 70657269 		.ascii	"periDiv8CtlOffset\000"
 1242      44697638 
 1242      43746C4F 
 1242      66667365 
 1242      7400
 1243              	.LASF89:
 1244 0253 6770696F 		.ascii	"gpioPrtCfgOutOffset\000"
 1244      50727443 
 1244      66674F75 
 1244      744F6666 
 1244      73657400 
 1245              	.LASF22:
 1246 0267 666C6173 		.ascii	"flashcBase\000"
 1246      68634261 
 1246      736500
 1247              	.LASF9:
 1248 0272 5F5F7569 		.ascii	"__uint32_t\000"
 1248      6E743332 
 1248      5F7400
 1249              	.LASF133:
 1250 027d 433A5C55 		.ascii	"C:\\Users\\bonderkaramelek\\Desktop\\Cypress WS\\br"
 1250      73657273 
 1250      5C626F6E 
 1250      6465726B 
 1250      6172616D 
 1251 02ab 6F616463 		.ascii	"oadcast\\rw_peripheral_cysmart\\rw_cysmart.cydsn\000"
 1251      6173745C 
 1251      72775F70 
 1251      65726970 
 1251      68657261 
 1252              	.LASF52:
 1253 02da 70617373 		.ascii	"passSarChannels\000"
 1253      53617243 
 1253      68616E6E 
ARM GAS  C:\Users\BONDER~1\AppData\Local\Temp\ccwLWU36.s 			page 28


 1253      656C7300 
 1254              	.LASF4:
 1255 02ea 5F5F696E 		.ascii	"__int16_t\000"
 1255      7431365F 
 1255      7400
 1256              	.LASF121:
 1257 02f4 72784275 		.ascii	"rxBufIdx\000"
 1257      66496478 
 1257      00
 1258              	.LASF95:
 1259 02fd 63707573 		.ascii	"cpussCm4PwrCtlOffset\000"
 1259      73436D34 
 1259      50777243 
 1259      746C4F66 
 1259      66736574 
 1260              	.LASF123:
 1261 0312 74784275 		.ascii	"txBufSize\000"
 1261      6653697A 
 1261      6500
 1262              	.LASF90:
 1263 031c 6770696F 		.ascii	"gpioPrtCfgSioOffset\000"
 1263      50727443 
 1263      66675369 
 1263      6F4F6666 
 1263      73657400 
 1264              	.LASF42:
 1265 0330 63707573 		.ascii	"cpussDwChNr\000"
 1265      73447743 
 1265      684E7200 
 1266              	.LASF13:
 1267 033c 756E7369 		.ascii	"unsigned int\000"
 1267      676E6564 
 1267      20696E74 
 1267      00
 1268              	.LASF16:
 1269 0349 75696E74 		.ascii	"uint16_t\000"
 1269      31365F74 
 1269      00
 1270              	.LASF75:
 1271 0352 70657269 		.ascii	"periTrCmdGrSelMsk\000"
 1271      5472436D 
 1271      64477253 
 1271      656C4D73 
 1271      6B00
 1272              	.LASF64:
 1273 0364 666C6173 		.ascii	"flashCtlMainWs1Freq\000"
 1273      6843746C 
 1273      4D61696E 
 1273      57733146 
 1273      72657100 
 1274              	.LASF10:
 1275 0378 6C6F6E67 		.ascii	"long unsigned int\000"
 1275      20756E73 
 1275      69676E65 
 1275      6420696E 
 1275      7400
 1276              	.LASF112:
ARM GAS  C:\Users\BONDER~1\AppData\Local\Temp\ccwLWU36.s 			page 29


 1277 038a 63795F63 		.ascii	"cy_cb_scb_uart_handle_events_t\000"
 1277      625F7363 
 1277      625F7561 
 1277      72745F68 
 1277      616E646C 
 1278              	.LASF40:
 1279 03a9 63707573 		.ascii	"cpussIpcNr\000"
 1279      73497063 
 1279      4E7200
 1280              	.LASF27:
 1281 03b4 6770696F 		.ascii	"gpioBase\000"
 1281      42617365 
 1281      00
 1282              	.LASF65:
 1283 03bd 666C6173 		.ascii	"flashCtlMainWs2Freq\000"
 1283      6843746C 
 1283      4D61696E 
 1283      57733246 
 1283      72657100 
 1284              	.LASF76:
 1285 03d1 70657269 		.ascii	"periTrGrOffset\000"
 1285      54724772 
 1285      4F666673 
 1285      657400
 1286              	.LASF103:
 1287 03e0 63707573 		.ascii	"cpussRam1Ctl0\000"
 1287      7352616D 
 1287      3143746C 
 1287      3000
 1288              	.LASF125:
 1289 03ee 63624576 		.ascii	"cbEvents\000"
 1289      656E7473 
 1289      00
 1290              	.LASF77:
 1291 03f7 70657269 		.ascii	"periTrGrSize\000"
 1291      54724772 
 1291      53697A65 
 1291      00
 1292              	.LASF35:
 1293 0404 6770696F 		.ascii	"gpioVersion\000"
 1293      56657273 
 1293      696F6E00 
 1294              	.LASF122:
 1295 0410 74784275 		.ascii	"txBuf\000"
 1295      6600
 1296              	.LASF107:
 1297 0416 63795F73 		.ascii	"cy_stc_device_t\000"
 1297      74635F64 
 1297      65766963 
 1297      655F7400 
 1298              	.LASF53:
 1299 0426 65704D6F 		.ascii	"epMonitorNr\000"
 1299      6E69746F 
 1299      724E7200 
 1300              	.LASF117:
 1301 0432 72785269 		.ascii	"rxRingBufHead\000"
 1301      6E674275 
ARM GAS  C:\Users\BONDER~1\AppData\Local\Temp\ccwLWU36.s 			page 30


 1301      66486561 
 1301      6400
 1302              	.LASF96:
 1303 0440 63707573 		.ascii	"cpussTrimRamCtlOffset\000"
 1303      73547269 
 1303      6D52616D 
 1303      43746C4F 
 1303      66667365 
 1304              	.LASF91:
 1305 0456 63707573 		.ascii	"cpussCm0ClockCtlOffset\000"
 1305      73436D30 
 1305      436C6F63 
 1305      6B43746C 
 1305      4F666673 
 1306              	.LASF31:
 1307 046d 63707573 		.ascii	"cpussVersion\000"
 1307      73566572 
 1307      73696F6E 
 1307      00
 1308              	.LASF38:
 1309 047a 70657269 		.ascii	"periVersion\000"
 1309      56657273 
 1309      696F6E00 
 1310              	.LASF94:
 1311 0486 63707573 		.ascii	"cpussCm0StatusOffset\000"
 1311      73436D30 
 1311      53746174 
 1311      75734F66 
 1311      66736574 
 1312              	.LASF19:
 1313 049b 73697A65 		.ascii	"sizetype\000"
 1313      74797065 
 1313      00
 1314              	.LASF68:
 1315 04a4 64774368 		.ascii	"dwChOffset\000"
 1315      4F666673 
 1315      657400
 1316              	.LASF43:
 1317 04af 63707573 		.ascii	"cpussFlashPaSize\000"
 1317      73466C61 
 1317      73685061 
 1317      53697A65 
 1317      00
 1318              	.LASF81:
 1319 04c0 70657269 		.ascii	"periDivCmdPaTypeSelPos\000"
 1319      44697643 
 1319      6D645061 
 1319      54797065 
 1319      53656C50 
 1320              	.LASF104:
 1321 04d7 63707573 		.ascii	"cpussRam2Ctl0\000"
 1321      7352616D 
 1321      3243746C 
 1321      3000
 1322              	.LASF72:
 1323 04e5 64775374 		.ascii	"dwStatusChIdxPos\000"
 1323      61747573 
ARM GAS  C:\Users\BONDER~1\AppData\Local\Temp\ccwLWU36.s 			page 31


 1323      43684964 
 1323      78506F73 
 1323      00
 1324              	.LASF54:
 1325 04f6 75646250 		.ascii	"udbPresent\000"
 1325      72657365 
 1325      6E7400
 1326              	.LASF114:
 1327 0501 72785374 		.ascii	"rxStatus\000"
 1327      61747573 
 1327      00
 1328              	.LASF34:
 1329 050a 666C6173 		.ascii	"flashcVersion\000"
 1329      68635665 
 1329      7273696F 
 1329      6E00
 1330              	.LASF30:
 1331 0518 63727970 		.ascii	"cryptoBase\000"
 1331      746F4261 
 1331      736500
 1332              	.LASF51:
 1333 0523 736D6966 		.ascii	"smifDeviceNr\000"
 1333      44657669 
 1333      63654E72 
 1333      00
 1334              	.LASF135:
 1335 0530 5F5F656E 		.ascii	"__enable_irq\000"
 1335      61626C65 
 1335      5F697271 
 1335      00
 1336              	.LASF131:
 1337 053d 474E5520 		.ascii	"GNU C11 5.4.1 20160609 (release) [ARM/embedded-5-br"
 1337      43313120 
 1337      352E342E 
 1337      31203230 
 1337      31363036 
 1338 0570 616E6368 		.ascii	"anch revision 237715] -mcpu=cortex-m4 -mfloat-abi=s"
 1338      20726576 
 1338      6973696F 
 1338      6E203233 
 1338      37373135 
 1339 05a3 6F667466 		.ascii	"oftfp -mfpu=fpv4-sp-d16 -mthumb -g -Og -ffunction-s"
 1339      70202D6D 
 1339      6670753D 
 1339      66707634 
 1339      2D73702D 
 1340 05d6 65637469 		.ascii	"ections -ffat-lto-objects\000"
 1340      6F6E7320 
 1340      2D666661 
 1340      742D6C74 
 1340      6F2D6F62 
 1341              	.LASF109:
 1342 05f0 666C6F61 		.ascii	"float\000"
 1342      7400
 1343              	.LASF73:
 1344 05f6 64775374 		.ascii	"dwStatusChIdxMsk\000"
 1344      61747573 
ARM GAS  C:\Users\BONDER~1\AppData\Local\Temp\ccwLWU36.s 			page 32


 1344      43684964 
 1344      784D736B 
 1344      00
 1345              	.LASF129:
 1346 0607 63795F64 		.ascii	"cy_device\000"
 1346      65766963 
 1346      6500
 1347              	.LASF101:
 1348 0611 63707573 		.ascii	"cpussRomCtl\000"
 1348      73526F6D 
 1348      43746C00 
 1349              	.LASF71:
 1350 061d 64774368 		.ascii	"dwChCtlPreemptablePos\000"
 1350      43746C50 
 1350      7265656D 
 1350      70746162 
 1350      6C65506F 
 1351              	.LASF124:
 1352 0633 74784C65 		.ascii	"txLeftToTransmit\000"
 1352      6674546F 
 1352      5472616E 
 1352      736D6974 
 1352      00
 1353              	.LASF24:
 1354 0644 75646242 		.ascii	"udbBase\000"
 1354      61736500 
 1355              	.LASF111:
 1356 064c 5F426F6F 		.ascii	"_Bool\000"
 1356      6C00
 1357              	.LASF17:
 1358 0652 696E7433 		.ascii	"int32_t\000"
 1358      325F7400 
 1359              	.LASF2:
 1360 065a 756E7369 		.ascii	"unsigned char\000"
 1360      676E6564 
 1360      20636861 
 1360      7200
 1361              	.LASF67:
 1362 0668 666C6173 		.ascii	"flashCtlMainWs4Freq\000"
 1362      6843746C 
 1362      4D61696E 
 1362      57733446 
 1362      72657100 
 1363              	.LASF0:
 1364 067c 73686F72 		.ascii	"short int\000"
 1364      7420696E 
 1364      7400
 1365              	.LASF78:
 1366 0686 70657269 		.ascii	"periDivCmdDivSelMsk\000"
 1366      44697643 
 1366      6D644469 
 1366      7653656C 
 1366      4D736B00 
 1367              	.LASF49:
 1368 069a 73727373 		.ascii	"srssNumHfroot\000"
 1368      4E756D48 
 1368      66726F6F 
ARM GAS  C:\Users\BONDER~1\AppData\Local\Temp\ccwLWU36.s 			page 33


 1368      7400
 1369              	.LASF62:
 1370 06a8 666C6173 		.ascii	"flashEraseDelay\000"
 1370      68457261 
 1370      73654465 
 1370      6C617900 
 1371              	.LASF18:
 1372 06b8 75696E74 		.ascii	"uint32_t\000"
 1372      33325F74 
 1372      00
 1373              	.LASF100:
 1374 06c1 63707573 		.ascii	"cpussCm4NmiCtlOffset\000"
 1374      73436D34 
 1374      4E6D6943 
 1374      746C4F66 
 1374      66736574 
 1375              	.LASF20:
 1376 06d6 6C6F6E67 		.ascii	"long double\000"
 1376      20646F75 
 1376      626C6500 
 1377              	.LASF108:
 1378 06e2 63686172 		.ascii	"char\000"
 1378      00
 1379              	.LASF39:
 1380 06e7 70726F74 		.ascii	"protVersion\000"
 1380      56657273 
 1380      696F6E00 
 1381              	.LASF102:
 1382 06f3 63707573 		.ascii	"cpussRam0Ctl0\000"
 1382      7352616D 
 1382      3043746C 
 1382      3000
 1383              	.LASF5:
 1384 0701 5F5F7569 		.ascii	"__uint16_t\000"
 1384      6E743136 
 1384      5F7400
 1385              	.LASF83:
 1386 070c 70657269 		.ascii	"periDiv16CtlOffset\000"
 1386      44697631 
 1386      3643746C 
 1386      4F666673 
 1386      657400
 1387              	.LASF7:
 1388 071f 5F5F696E 		.ascii	"__int32_t\000"
 1388      7433325F 
 1388      7400
 1389              	.LASF36:
 1390 0729 6873696F 		.ascii	"hsiomVersion\000"
 1390      6D566572 
 1390      73696F6E 
 1390      00
 1391              	.LASF61:
 1392 0736 666C6173 		.ascii	"flashProgramDelay\000"
 1392      6850726F 
 1392      6772616D 
 1392      44656C61 
 1392      7900
ARM GAS  C:\Users\BONDER~1\AppData\Local\Temp\ccwLWU36.s 			page 34


 1393              	.LASF116:
 1394 0748 72785269 		.ascii	"rxRingBufSize\000"
 1394      6E674275 
 1394      6653697A 
 1394      6500
 1395              	.LASF6:
 1396 0756 73686F72 		.ascii	"short unsigned int\000"
 1396      7420756E 
 1396      7369676E 
 1396      65642069 
 1396      6E7400
 1397              	.LASF69:
 1398 0769 64774368 		.ascii	"dwChSize\000"
 1398      53697A65 
 1398      00
 1399              	.LASF105:
 1400 0772 69706353 		.ascii	"ipcStructSize\000"
 1400      74727563 
 1400      7453697A 
 1400      6500
 1401              	.LASF44:
 1402 0780 63707573 		.ascii	"cpussIpc0Irq\000"
 1402      73497063 
 1402      30497271 
 1402      00
 1403              	.LASF87:
 1404 078d 6770696F 		.ascii	"gpioPrtCfgOffset\000"
 1404      50727443 
 1404      66674F66 
 1404      66736574 
 1404      00
 1405              	.LASF126:
 1406 079e 696E6974 		.ascii	"initKey\000"
 1406      4B657900 
 1407              	.LASF119:
 1408 07a6 72784275 		.ascii	"rxBuf\000"
 1408      6600
 1409              	.LASF127:
 1410 07ac 63795F73 		.ascii	"cy_stc_scb_uart_context_t\000"
 1410      74635F73 
 1410      63625F75 
 1410      6172745F 
 1410      636F6E74 
 1411              	.LASF46:
 1412 07c6 63707573 		.ascii	"cpussNotConnectedIrq\000"
 1412      734E6F74 
 1412      436F6E6E 
 1412      65637465 
 1412      64497271 
 1413              	.LASF60:
 1414 07db 666C6173 		.ascii	"flashWriteDelay\000"
 1414      68577269 
 1414      74654465 
 1414      6C617900 
 1415              	.LASF14:
 1416 07eb 75696E74 		.ascii	"uint8_t\000"
 1416      385F7400 
ARM GAS  C:\Users\BONDER~1\AppData\Local\Temp\ccwLWU36.s 			page 35


 1417              	.LASF93:
 1418 07f3 63707573 		.ascii	"cpussCm4StatusOffset\000"
 1418      73436D34 
 1418      53746174 
 1418      75734F66 
 1418      66736574 
 1419              	.LASF86:
 1420 0808 6770696F 		.ascii	"gpioPrtIntrCfgOffset\000"
 1420      50727449 
 1420      6E747243 
 1420      66674F66 
 1420      66736574 
 1421              	.LASF118:
 1422 081d 72785269 		.ascii	"rxRingBufTail\000"
 1422      6E674275 
 1422      66546169 
 1422      6C00
 1423              	.LASF97:
 1424 082b 63707573 		.ascii	"cpussTrimRomCtlOffset\000"
 1424      73547269 
 1424      6D526F6D 
 1424      43746C4F 
 1424      66667365 
 1425              	.LASF113:
 1426 0841 74785374 		.ascii	"txStatus\000"
 1426      61747573 
 1426      00
 1427              	.LASF33:
 1428 084a 64775665 		.ascii	"dwVersion\000"
 1428      7273696F 
 1428      6E00
 1429              	.LASF29:
 1430 0854 69706342 		.ascii	"ipcBase\000"
 1430      61736500 
 1431              	.LASF80:
 1432 085c 70657269 		.ascii	"periDivCmdPaDivSelPos\000"
 1432      44697643 
 1432      6D645061 
 1432      44697653 
 1432      656C506F 
 1433              	.LASF134:
 1434 0872 63795F73 		.ascii	"cy_stc_scb_uart_context\000"
 1434      74635F73 
 1434      63625F75 
 1434      6172745F 
 1434      636F6E74 
 1435              	.LASF132:
 1436 088a 6D61696E 		.ascii	"main_cm4.c\000"
 1436      5F636D34 
 1436      2E6300
 1437              	.LASF58:
 1438 0895 666C6173 		.ascii	"flashRwwRequired\000"
 1438      68527777 
 1438      52657175 
 1438      69726564 
 1438      00
 1439              		.ident	"GCC: (GNU Tools for ARM Embedded Processors) 5.4.1 20160609 (release) [ARM/embedded-5-bran
ARM GAS  C:\Users\BONDER~1\AppData\Local\Temp\ccwLWU36.s 			page 36


